<?xml version="1.0" encoding="UTF-8"?>
<testng-results skipped="0" failed="0" ignored="0" total="1" passed="1">
  <reporter-output>
  </reporter-output>
  <suite name="DriverFactory.AppTest" duration-ms="30823" started-at="2019-08-21T02:58:20Z" finished-at="2019-08-21T02:58:51Z">
    <groups>
    </groups>
    <test name="Command line test" duration-ms="30823" started-at="2019-08-21T02:58:20Z" finished-at="2019-08-21T02:58:51Z">
      <class name="DriverFactory.AppTest">
        <test-method status="PASS" signature="kickStart()[pri:0, instance:DriverFactory.AppTest@3551a94]" name="kickStart" duration-ms="30771" started-at="2019-08-21T02:58:20Z" finished-at="2019-08-21T02:58:51Z">
          <reporter-output>
          </reporter-output>
        </test-method> <!-- kickStart -->
      </class> <!-- DriverFactory.AppTest -->
    </test> <!-- Command line test -->
  </suite> <!-- DriverFactory.AppTest -->
</testng-results>
